<?xml version="1.0" encoding="UTF-8"?>
<!-- Generated by org.testng.reporters.JUnitReportReporter -->
<testsuite skipped="0" hostname="DESKTOP-D350IPJ" name="qaclickAcademy.AppiumTest" tests="1" failures="0" timestamp="18 Jan 2021 19:01:19 GMT" time="0.008" errors="0">
  <testcase name="IOSApps" time="0.008" classname="qaclickAcademy.AppiumTest"/>
</testsuite> <!-- qaclickAcademy.AppiumTest -->
