<?xml version="1.0" encoding="UTF-8"?>
<!-- Generated by org.testng.reporters.JUnitReportReporter -->
<testsuite skipped="0" hostname="DESKTOP-D350IPJ" name="qaclickAcademy.RestAPITest" tests="2" failures="0" timestamp="18 Jan 2021 19:01:19 GMT" time="0.001" errors="0">
  <testcase name="DeleteTwitter" time="0.001" classname="qaclickAcademy.RestAPITest"/>
  <testcase name="PostJira" time="0.000" classname="qaclickAcademy.RestAPITest"/>
</testsuite> <!-- qaclickAcademy.RestAPITest -->
