<?xml version="1.0" encoding="UTF-8"?>
<!-- Generated by org.testng.reporters.JUnitReportReporter -->
<testsuite skipped="0" hostname="DESKTOP-D350IPJ" name="qaclickAcademy.SeleniumTest" tests="2" failures="0" timestamp="18 Jan 2021 19:01:19 GMT" time="0.001" errors="0">
  <testcase name="elementsUI" time="0.000" classname="qaclickAcademy.SeleniumTest"/>
  <testcase name="BrowserAutomation" time="0.001" classname="qaclickAcademy.SeleniumTest"/>
</testsuite> <!-- qaclickAcademy.SeleniumTest -->
