<?xml version="1.0" encoding="UTF-8"?>
<!-- Generated by org.testng.reporters.JUnitReportReporter -->
<testsuite skipped="0" hostname="DESKTOP-D350IPJ" name="qaclickAcademy.RestAPITest" tests="2" failures="0" timestamp="21 Jan 2021 20:49:13 GMT" time="0.000" errors="0">
  <testcase name="PostJira" time="0.000" classname="qaclickAcademy.RestAPITest"/>
  <testcase name="DeleteTwitter" time="0.000" classname="qaclickAcademy.RestAPITest"/>
</testsuite> <!-- qaclickAcademy.RestAPITest -->
