<?xml version="1.0" encoding="UTF-8"?>
<!-- Generated by org.testng.reporters.JUnitReportReporter -->
<testsuite skipped="0" hostname="DESKTOP-D350IPJ" name="qaclickAcademy.SeleniumTest" tests="2" failures="0" timestamp="21 Jan 2021 20:49:13 GMT" time="0.008" errors="0">
  <testcase name="elementsUI" time="0.001" classname="qaclickAcademy.SeleniumTest"/>
  <testcase name="BrowserAutomation" time="0.007" classname="qaclickAcademy.SeleniumTest"/>
</testsuite> <!-- qaclickAcademy.SeleniumTest -->
