<?xml version="1.0" encoding="UTF-8"?>
<!-- Generated by org.testng.reporters.JUnitReportReporter -->
<testsuite skipped="0" hostname="DESKTOP-D350IPJ" name="qaclickAcademy.AppiumTest" tests="2" failures="0" timestamp="21 Jan 2021 20:49:13 GMT" time="0.000" errors="0">
  <testcase name="IOSApps" time="0.000" classname="qaclickAcademy.AppiumTest"/>
  <testcase name="NativeAppAndriod" time="0.000" classname="qaclickAcademy.AppiumTest"/>
</testsuite> <!-- qaclickAcademy.AppiumTest -->
